Base path: 'D:/Program files/Unity/Hub/Editor/2019.4.10f1/Editor/Data', plugins path 'D:/Program files/Unity/Hub/Editor/2019.4.10f1/Editor/Data/PlaybackEngines'
Cmd: initializeCompiler
Cmd: compileComputeKernel
  api=4 insize=848 outsize=330 ok=1
Cmd: compileComputeKernel
  api=4 insize=9809 outsize=6357 ok=1
Cmd: compileComputeKernel
  api=4 insize=17994 outsize=7462 ok=1
Cmd: compileComputeKernel
  api=4 insize=4823 outsize=2835 ok=1
Cmd: compileComputeKernel
  api=4 insize=14139 outsize=666 ok=1
Cmd: compileComputeKernel
  api=4 insize=11086 outsize=666 ok=1
Cmd: compileComputeKernel
  api=4 insize=3111 outsize=2044 ok=1
Cmd: compileComputeKernel
  api=4 insize=40264 outsize=37933 ok=1
Cmd: compileComputeKernel
  api=4 insize=40264 outsize=1522 ok=1
Cmd: compileComputeKernel
  api=4 insize=40264 outsize=1522 ok=1
Cmd: compileComputeKernel
  api=4 insize=8511 outsize=984 ok=1
Cmd: compileComputeKernel
  api=4 insize=3450 outsize=1076 ok=1
Cmd: compileComputeKernel
  api=4 insize=22295 outsize=15194 ok=1
Cmd: compileComputeKernel
  api=4 insize=2307 outsize=987 ok=1
Cmd: compileComputeKernel
  api=4 insize=7840 outsize=7432 ok=1
Cmd: compileComputeKernel
  api=4 insize=22339 outsize=1026 ok=1
Cmd: compileComputeKernel
  api=4 insize=6119 outsize=2809 ok=1
Cmd: compileComputeKernel
  api=4 insize=6745 outsize=1297 ok=1
Cmd: compileComputeKernel
  api=4 insize=6745 outsize=988 ok=1
Cmd: compileComputeKernel
  api=4 insize=8512 outsize=2100 ok=1
Cmd: compileComputeKernel
  api=4 insize=16295 outsize=67477 ok=1
Cmd: compileComputeKernel
  api=4 insize=16295 outsize=51293 ok=1
Cmd: compileComputeKernel
  api=4 insize=16295 outsize=37654 ok=1
Cmd: compileComputeKernel
  api=4 insize=16295 outsize=43003 ok=1
Cmd: compileComputeKernel
  api=4 insize=16295 outsize=81940 ok=1
Cmd: compileComputeKernel
  api=4 insize=5893 outsize=629 ok=1
Cmd: compileComputeKernel
  api=4 insize=3916 outsize=1613 ok=1
Cmd: compileComputeKernel
  api=4 insize=10587 outsize=7759 ok=1
Cmd: compileSnippet
  api=4 type=1 insize=7443 outsize=250 kw=_PIXEL_DISPLACEMENT _DISPLACEMENT_LOCK_TILING_SCALE _PIXEL_DISPLACEMENT_LOCK_OBJECT_SCALE _NORMALMAP_TANGENT_SPACE _NORMALMAP _MASKMAP _HEIGHTMAP pd=UNITY_ENABLE_REFLECTION_BUFFERS UNITY_USE_DITHER_MASK_FOR_ALPHABLENDED_SHADOWS UNITY_PBS_USE_BRDF1 UNITY_SPECCUBE_BOX_PROJECTION UNITY_SPECCUBE_BLENDING UNITY_ENABLE_DETAIL_NORMALMAP SHADER_API_DESKTOP UNITY_LIGHT_PROBE_PROXY_VOLUME UNITY_LIGHTMAP_FULL_HDR ok=1
Cmd: compileSnippet
  api=4 type=1 insize=1581 outsize=374 kw= pd=UNITY_ENABLE_REFLECTION_BUFFERS UNITY_USE_DITHER_MASK_FOR_ALPHABLENDED_SHADOWS UNITY_PBS_USE_BRDF1 UNITY_SPECCUBE_BOX_PROJECTION UNITY_SPECCUBE_BLENDING UNITY_ENABLE_DETAIL_NORMALMAP SHADER_API_DESKTOP UNITY_LIGHT_PROBE_PROXY_VOLUME UNITY_LIGHTMAP_FULL_HDR ok=1
