Base path: 'D:/Program files/Unity/Hub/Editor/2019.4.10f1/Editor/Data', plugins path 'D:/Program files/Unity/Hub/Editor/2019.4.10f1/Editor/Data/PlaybackEngines'
Cmd: initializeCompiler
Cmd: compileComputeKernel
  api=4 insize=4528 outsize=2864 ok=1
Cmd: compileComputeKernel
  api=4 insize=9809 outsize=4098 ok=1
Cmd: compileComputeKernel
  api=4 insize=9809 outsize=5335 ok=1
Cmd: compileComputeKernel
  api=4 insize=4823 outsize=677 ok=1
Cmd: compileComputeKernel
  api=4 insize=5899 outsize=6007 ok=1
Cmd: compileComputeKernel
  api=4 insize=11086 outsize=4742 ok=1
Cmd: compileComputeKernel
  api=4 insize=40264 outsize=36609 ok=1
Cmd: compileComputeKernel
  api=4 insize=8511 outsize=1015 ok=1
Cmd: compileComputeKernel
  api=4 insize=22295 outsize=14875 ok=1
Cmd: compileComputeKernel
  api=4 insize=11494 outsize=257 ok=1
Cmd: compileComputeKernel
  api=4 insize=22339 outsize=1157 ok=1
Cmd: compileComputeKernel
  api=4 insize=6119 outsize=2708 ok=1
Cmd: compileComputeKernel
  api=4 insize=6745 outsize=1808 ok=1
Cmd: compileComputeKernel
  api=4 insize=6745 outsize=919 ok=1
Cmd: compileComputeKernel
  api=4 insize=26542 outsize=14181 ok=1
Cmd: compileComputeKernel
  api=4 insize=16295 outsize=23927 ok=1
Cmd: compileComputeKernel
  api=4 insize=16295 outsize=34333 ok=1
Cmd: compileComputeKernel
  api=4 insize=16295 outsize=38618 ok=1
Cmd: compileComputeKernel
  api=4 insize=16295 outsize=70186 ok=1
Cmd: compileComputeKernel
  api=4 insize=16295 outsize=69870 ok=1
Cmd: compileComputeKernel
  api=4 insize=16295 outsize=103406 ok=1
Cmd: compileComputeKernel
  api=4 insize=13959 outsize=2288 ok=1
Cmd: compileSnippet
  api=4 type=1 insize=7919 outsize=7918 kw=DECALS_3RT _NORMALMAP_TANGENT_SPACE _NORMALMAP _MASKMAP pd=UNITY_ENABLE_REFLECTION_BUFFERS UNITY_USE_DITHER_MASK_FOR_ALPHABLENDED_SHADOWS UNITY_PBS_USE_BRDF1 UNITY_SPECCUBE_BOX_PROJECTION UNITY_SPECCUBE_BLENDING UNITY_ENABLE_DETAIL_NORMALMAP SHADER_API_DESKTOP UNITY_LIGHT_PROBE_PROXY_VOLUME UNITY_LIGHTMAP_FULL_HDR ok=1
